<?xml version="1.0" encoding="UTF-8"?>
<!-- Generated by org.testng.reporters.JUnitReportReporter -->
<testsuite hostname="LAPTOP-99Q7U8JR" failures="0" tests="5" name="testCases.TC002Login" time="19.759" errors="0" timestamp="2025-07-26T12:33:24 IST" skipped="0">
  <testcase classname="testCases.TC002Login" name="login" time="4.414"/>
  <testcase classname="testCases.TC002Login" name="login" time="4.237"/>
  <testcase classname="testCases.TC002Login" name="login" time="3.810"/>
  <testcase classname="testCases.TC002Login" name="login" time="3.618"/>
  <testcase classname="testCases.TC002Login" name="login" time="3.680"/>
</testsuite> <!-- testCases.TC002Login -->
