<?xml version="1.0" encoding="UTF-8"?>
<!-- Generated by org.testng.reporters.JUnitReportReporter -->
<testsuite hostname="LAPTOP-99Q7U8JR" failures="0" tests="4" name="testCases.TC_003_LoginDDT" time="38.025" errors="0" timestamp="2025-07-27T19:55:38 IST" skipped="0">
  <testcase classname="testCases.TC_003_LoginDDT" name="verify_loginDDT" time="10.774"/>
  <testcase classname="testCases.TC_003_LoginDDT" name="verify_loginDDT" time="10.918"/>
  <testcase classname="testCases.TC_003_LoginDDT" name="verify_loginDDT" time="1.414"/>
  <testcase classname="testCases.TC_003_LoginDDT" name="verify_loginDDT" time="14.919"/>
</testsuite> <!-- testCases.TC_003_LoginDDT -->
