<?xml version="1.0" encoding="UTF-8"?>
<!-- Generated by org.testng.reporters.JUnitReportReporter -->
<testsuite hostname="LAPTOP-99Q7U8JR" failures="0" tests="1" name="testCases.TC005_ForgotPassword" time="1.426" errors="0" timestamp="2025-07-29T11:50:07 IST" skipped="0">
  <testcase classname="testCases.TC005_ForgotPassword" name="forgotpassword" time="1.426"/>
</testsuite> <!-- testCases.TC005_ForgotPassword -->
