<?xml version="1.0" encoding="UTF-8"?>
<!-- Generated by org.testng.reporters.JUnitReportReporter -->
<testsuite hostname="LAPTOP-99Q7U8JR" failures="0" tests="1" name="testCases.TC001_AccountRegistrationTest" time="5.636" errors="0" timestamp="2025-07-29T11:50:07 IST" skipped="0">
  <testcase classname="testCases.TC001_AccountRegistrationTest" name="accountregistration" time="5.636"/>
</testsuite> <!-- testCases.TC001_AccountRegistrationTest -->
