<?xml version="1.0" encoding="UTF-8"?>
<!-- Generated by org.testng.reporters.JUnitReportReporter -->
<testsuite hostname="LAPTOP-99Q7U8JR" failures="0" tests="4" name="testCases.TC003_LoginDDT" time="36.585" errors="0" timestamp="2025-07-29T11:50:07 IST" skipped="0">
  <testcase classname="testCases.TC003_LoginDDT" name="verify_loginDDT" time="1.942"/>
  <testcase classname="testCases.TC003_LoginDDT" name="verify_loginDDT" time="11.331"/>
  <testcase classname="testCases.TC003_LoginDDT" name="verify_loginDDT" time="12.086"/>
  <testcase classname="testCases.TC003_LoginDDT" name="verify_loginDDT" time="11.226"/>
</testsuite> <!-- testCases.TC003_LoginDDT -->
