<?xml version="1.0" encoding="UTF-8"?>
<!-- Generated by org.testng.reporters.JUnitReportReporter -->
<testsuite hostname="LAPTOP-99Q7U8JR" failures="0" tests="1" name="testCases.TC004_Logout" time="5.289" errors="0" timestamp="2025-08-02T16:40:51 IST" skipped="0">
  <testcase classname="testCases.TC004_Logout" name="logout" time="5.289"/>
</testsuite> <!-- testCases.TC004_Logout -->
