<?xml version="1.0" encoding="UTF-8"?>
<!-- Generated by org.testng.reporters.JUnitReportReporter -->
<testsuite hostname="LAPTOP-99Q7U8JR" failures="0" tests="4" name="testCases.TC003_LoginDDT" time="37.151" errors="0" timestamp="2025-08-02T16:40:51 IST" skipped="0">
  <testcase classname="testCases.TC003_LoginDDT" name="verify_loginDDT" time="12.389"/>
  <testcase classname="testCases.TC003_LoginDDT" name="verify_loginDDT" time="11.687"/>
  <testcase classname="testCases.TC003_LoginDDT" name="verify_loginDDT" time="1.557"/>
  <testcase classname="testCases.TC003_LoginDDT" name="verify_loginDDT" time="11.518"/>
</testsuite> <!-- testCases.TC003_LoginDDT -->
