<?xml version="1.0" encoding="UTF-8"?>
<!-- Generated by org.testng.reporters.JUnitReportReporter -->
<testsuite hostname="LAPTOP-99Q7U8JR" failures="0" tests="1" name="testCases.TC002_Login" time="3.008" errors="0" timestamp="2025-08-02T16:40:51 IST" skipped="0">
  <testcase classname="testCases.TC002_Login" name="login" time="3.008"/>
</testsuite> <!-- testCases.TC002_Login -->
